<?xml version="1.0" encoding="UTF-8"?>
<!-- Generated by org.testng.reporters.JUnitReportReporter -->
<testsuite skipped="0" hostname="LAPTOP-N0G0NBDP" name="testcases.ClassB" tests="1" failures="0" timestamp="18 Jun 2020 01:13:20 GMT" time="4.904" errors="0">
  <testcase name="testcase2" time="4.904" classname="testcases.ClassB"/>
</testsuite> <!-- testcases.ClassB -->
